<?xml version="1.0" encoding="UTF-8"?>
<!-- Generated by org.testng.reporters.JUnitReportReporter -->
<testsuite hostname="DESKTOP-PGIA3FS" failures="0" tests="3" name="DataDrivenFramework.Employees" time="33.514" errors="0" timestamp="2020-12-26T19:15:23 IST" skipped="0">
  <testcase classname="DataDrivenFramework.Employees" name="empData" time="10.126"/>
  <system-out/>
  <testcase classname="DataDrivenFramework.Employees" name="empData" time="10.480"/>
  <system-out/>
  <testcase classname="DataDrivenFramework.Employees" name="empData" time="12.908"/>
  <system-out/>
</testsuite> <!-- DataDrivenFramework.Employees -->
